<?xml version="1.0" encoding="utf-8"?><testsuites><testsuite name="pytest" errors="0" failures="0" skipped="0" tests="8" time="27.532" timestamp="2023-08-15T11:12:14.643706" hostname="userpc"><testcase classname="test_01.TestPositive" name="test_step1" time="11.843" /><testcase classname="test_01.TestPositive" name="test_step2" time="2.758" /><testcase classname="test_01.TestPositive" name="test_step3" time="0.051" /><testcase classname="test_01.TestPositive" name="test_step4" time="1.079" /><testcase classname="test_01.TestPositive" name="test_step5" time="1.577" /><testcase classname="test_01.TestPositive" name="test_step6" time="2.398" /><testcase classname="test_01.TestPositive" name="test_step7" time="0.391" /><testcase classname="test_01.TestPositive" name="test_step8" time="7.283" /></testsuite></testsuites>